#
# There is insufficient memory for the Java Runtime Environment to continue.
# Native memory allocation (malloc) failed to allocate 622096 bytes for Chunk::new
# Possible reasons:
#   The system is out of physical RAM or swap space
#   The process is running with CompressedOops enabled, and the Java Heap may be blocking the growth of the native heap
# Possible solutions:
#   Reduce memory load on the system
#   Increase physical memory or swap space
#   Check if swap backing store is full
#   Decrease Java heap size (-Xmx/-Xms)
#   Decrease number of Java threads
#   Decrease Java thread stack sizes (-Xss)
#   Set larger code cache with -XX:ReservedCodeCacheSize=
#   JVM is running with Unscaled Compressed Oops mode in which the Java heap is
#     placed in the first 4GB address space. The Java Heap base address is the
#     maximum limit for the native heap growth. Please use -XX:HeapBaseMinAddress
#     to set the Java Heap base and to place the Java Heap above 4GB virtual address.
# This output file may be truncated or incomplete.
#
#  Out of Memory Error (t:/workspace/open/src/hotspot/share/memory/arena.cpp:198), pid=18592, tid=22284
#
# JRE version: Java(TM) SE Runtime Environment (10.0.2+13) (build 10.0.2+13)
# Java VM: Java HotSpot(TM) 64-Bit Server VM (10.0.2+13, mixed mode, tiered, compressed oops, g1 gc, windows-amd64)
# No core dump will be written. Minidumps are not enabled by default on client versions of Windows
#

---------------  S U M M A R Y ------------

Command Line: -Dfile.encoding=UTF-8 QuanLyLInhKien.MAin

Host: Intel(R) Core(TM) i5-7200U CPU @ 2.50GHz, 4 cores, 3G,  Windows 10 , 64 bit Build 17134 (10.0.17134.706)
Time: Sun Apr 28 04:05:06 2019 SE Asia Standard Time elapsed time: 0 seconds (0d 0h 0m 0s)

---------------  T H R E A D  ---------------

Current thread (0x000001d121fa2800):  JavaThread "C2 CompilerThread1" daemon [_thread_in_native, id=22284, stack(0x000000068de00000,0x000000068df00000)]


Current CompileTask:
C2:    471  534       4       jdk.internal.org.objectweb.asm.Frame::execute (2264 bytes)

Stack: [0x000000068de00000,0x000000068df00000]
Native frames: (J=compiled Java code, j=interpreted, Vv=VM code, C=native code)
V  [jvm.dll+0x5a01a9]
V  [jvm.dll+0x6bcf31]
V  [jvm.dll+0x6be126]
V  [jvm.dll+0x6be7b3]
V  [jvm.dll+0x234978]
V  [jvm.dll+0xbb69c]
V  [jvm.dll+0xbbbac]
V  [jvm.dll+0x2a68e4]
V  [jvm.dll+0x4bf92a]
V  [jvm.dll+0x20151a]
V  [jvm.dll+0x1ff0a1]
V  [jvm.dll+0x17c94b]
V  [jvm.dll+0x20c8dd]
V  [jvm.dll+0x20b6a6]
V  [jvm.dll+0x68b7ff]
V  [jvm.dll+0x59f4b0]
C  [msvcr120.dll+0x24f7f]
C  [msvcr120.dll+0x25126]
C  [KERNEL32.DLL+0x14034]
C  [ntdll.dll+0x73691]


---------------  P R O C E S S  ---------------

Threads class SMR info:
_java_thread_list=0x000001d1226dccd0, length=14, elements={
0x000001d102a52000, 0x000001d121f36000, 0x000001d121f39800, 0x000001d121f7c800,
0x000001d121f81800, 0x000001d121f84800, 0x000001d121fa2800, 0x000001d1220d8800,
0x000001d121fac000, 0x000001d12226b800, 0x000001d122270000, 0x000001d12267b800,
0x000001d122673800, 0x000001d1226a8800
}

Java Threads: ( => current thread )
  0x000001d102a52000 JavaThread "main" [_thread_in_vm, id=22264, stack(0x000000068cc00000,0x000000068cd00000)]
  0x000001d121f36000 JavaThread "Reference Handler" daemon [_thread_blocked, id=22324, stack(0x000000068d900000,0x000000068da00000)]
  0x000001d121f39800 JavaThread "Finalizer" daemon [_thread_blocked, id=22328, stack(0x000000068da00000,0x000000068db00000)]
  0x000001d121f7c800 JavaThread "Signal Dispatcher" daemon [_thread_blocked, id=22340, stack(0x000000068db00000,0x000000068dc00000)]
  0x000001d121f81800 JavaThread "Attach Listener" daemon [_thread_blocked, id=22208, stack(0x000000068dc00000,0x000000068dd00000)]
  0x000001d121f84800 JavaThread "C2 CompilerThread0" daemon [_thread_in_native, id=22204, stack(0x000000068dd00000,0x000000068de00000)]
=>0x000001d121fa2800 JavaThread "C2 CompilerThread1" daemon [_thread_in_native, id=22284, stack(0x000000068de00000,0x000000068df00000)]
  0x000001d1220d8800 JavaThread "C1 CompilerThread2" daemon [_thread_in_native, id=22212, stack(0x000000068df00000,0x000000068e000000)]
  0x000001d121fac000 JavaThread "Sweeper thread" daemon [_thread_blocked, id=22216, stack(0x000000068e000000,0x000000068e100000)]
  0x000001d12226b800 JavaThread "Service Thread" daemon [_thread_blocked, id=22388, stack(0x000000068e100000,0x000000068e200000)]
  0x000001d122270000 JavaThread "Common-Cleaner" daemon [_thread_blocked, id=22384, stack(0x000000068e200000,0x000000068e300000)]
  0x000001d12267b800 JavaThread "Java2D Disposer" daemon [_thread_blocked, id=22160, stack(0x000000068e400000,0x000000068e500000)]
  0x000001d122673800 JavaThread "AWT-Shutdown" [_thread_blocked, id=22392, stack(0x000000068e500000,0x000000068e600000)]
  0x000001d1226a8800 JavaThread "AWT-Windows" daemon [_thread_in_native, id=22400, stack(0x000000068e600000,0x000000068e700000)]

Other Threads:
  0x000001d121f21000 VMThread "VM Thread" [stack: 0x000000068d800000,0x000000068d900000] [id=22316]
  0x000001d122270800 WatcherThread [stack: 0x000000068e300000,0x000000068e400000] [id=22380]
  0x000001d102a69800 GCTaskThread "GC Thread#0" [stack: 0x000000068cd00000,0x000000068ce00000] [id=22268]
  0x000001d102a6c800 GCTaskThread "GC Thread#1" [stack: 0x000000068ce00000,0x000000068cf00000] [id=22272]
  0x000001d102a6e800 GCTaskThread "GC Thread#2" [stack: 0x000000068cf00000,0x000000068d000000] [id=22276]
  0x000001d102a71000 GCTaskThread "GC Thread#3" [stack: 0x000000068d000000,0x000000068d100000] [id=22280]
  0x000001d102aad000 ConcurrentGCThread "G1 Main Marker" [stack: 0x000000068d100000,0x000000068d200000] [id=22288]
  0x000001d102aaf800 ConcurrentGCThread "G1 Conc#0" [stack: 0x000000068d200000,0x000000068d300000] [id=22292]
  0x000001d102afa000 ConcurrentGCThread "G1 Refine#0" [stack: 0x000000068d300000,0x000000068d400000] [id=22296]
  0x000001d102afb000 ConcurrentGCThread "G1 Refine#1" [stack: 0x000000068d400000,0x000000068d500000] [id=22300]
  0x000001d102afd800 ConcurrentGCThread "G1 Refine#2" [stack: 0x000000068d500000,0x000000068d600000] [id=22304]
  0x000001d102b01800 ConcurrentGCThread "G1 Refine#3" [stack: 0x000000068d600000,0x000000068d700000] [id=22308]
  0x000001d102b03800 ConcurrentGCThread "G1 Young RemSet Sampling" [stack: 0x000000068d700000,0x000000068d800000] [id=22312]

Threads with active compile tasks:
C2 CompilerThread0 581       4       jdk.internal.org.objectweb.asm.ClassWriter::newUTF8 (70 bytes)
C2 CompilerThread1 534       4       jdk.internal.org.objectweb.asm.Frame::execute (2264 bytes)
C1 CompilerThread2 602       3       jdk.internal.org.objectweb.asm.MethodWriter::put (1602 bytes)

VM state:not at safepoint (normal execution)

VM Mutex/Monitor currently owned by a thread: None

Heap address: 0x00000000c2000000, size: 992 MB, Compressed Oops mode: 32-bit
Narrow klass base: 0x0000000000000000, Narrow klass shift: 3
Compressed class space size: 1073741824 Address: 0x0000000100000000

Heap:
 garbage-first heap   total 63488K, used 6144K [0x00000000c2000000, 0x0000000100000000)
  region size 1024K, 7 young (7168K), 0 survivors (0K)
 Metaspace       used 9817K, capacity 10068K, committed 10368K, reserved 1058816K
  class space    used 947K, capacity 1109K, committed 1152K, reserved 1048576K
Heap Regions: E=young(eden), S=young(survivor), O=old, HS=humongous(starts), HC=humongous(continues), CS=collection set, F=free, A=archive, TS=gc time stamp, AC=allocation context, TAMS=top-at-mark-start (previous, next)
|   0|0x00000000c2000000, 0x00000000c2000000, 0x00000000c2100000|  0%| F|  |TS  0|AC  0|TAMS 0x00000000c2000000, 0x00000000c2000000|
|   1|0x00000000c2100000, 0x00000000c2100000, 0x00000000c2200000|  0%| F|  |TS  0|AC  0|TAMS 0x00000000c2100000, 0x00000000c2100000|
|   2|0x00000000c2200000, 0x00000000c2200000, 0x00000000c2300000|  0%| F|  |TS  0|AC  0|TAMS 0x00000000c2200000, 0x00000000c2200000|
|   3|0x00000000c2300000, 0x00000000c2300000, 0x00000000c2400000|  0%| F|  |TS  0|AC  0|TAMS 0x00000000c2300000, 0x00000000c2300000|
|   4|0x00000000c2400000, 0x00000000c2400000, 0x00000000c2500000|  0%| F|  |TS  0|AC  0|TAMS 0x00000000c2400000, 0x00000000c2400000|
|   5|0x00000000c2500000, 0x00000000c2500000, 0x00000000c2600000|  0%| F|  |TS  0|AC  0|TAMS 0x00000000c2500000, 0x00000000c2500000|
|   6|0x00000000c2600000, 0x00000000c2600000, 0x00000000c2700000|  0%| F|  |TS  0|AC  0|TAMS 0x00000000c2600000, 0x00000000c2600000|
|   7|0x00000000c2700000, 0x00000000c2700000, 0x00000000c2800000|  0%| F|  |TS  0|AC  0|TAMS 0x00000000c2700000, 0x00000000c2700000|
|   8|0x00000000c2800000, 0x00000000c2800000, 0x00000000c2900000|  0%| F|  |TS  0|AC  0|TAMS 0x00000000c2800000, 0x00000000c2800000|
|   9|0x00000000c2900000, 0x00000000c2900000, 0x00000000c2a00000|  0%| F|  |TS  0|AC  0|TAMS 0x00000000c2900000, 0x00000000c2900000|
|  10|0x00000000c2a00000, 0x00000000c2a00000, 0x00000000c2b00000|  0%| F|  |TS  0|AC  0|TAMS 0x00000000c2a00000, 0x00000000c2a00000|
|  11|0x00000000c2b00000, 0x00000000c2b00000, 0x00000000c2c00000|  0%| F|  |TS  0|AC  0|TAMS 0x00000000c2b00000, 0x00000000c2b00000|
|  12|0x00000000c2c00000, 0x00000000c2c00000, 0x00000000c2d00000|  0%| F|  |TS  0|AC  0|TAMS 0x00000000c2c00000, 0x00000000c2c00000|
|  13|0x00000000c2d00000, 0x00000000c2d00000, 0x00000000c2e00000|  0%| F|  |TS  0|AC  0|TAMS 0x00000000c2d00000, 0x00000000c2d00000|
|  14|0x00000000c2e00000, 0x00000000c2e00000, 0x00000000c2f00000|  0%| F|  |TS  0|AC  0|TAMS 0x00000000c2e00000, 0x00000000c2e00000|
|  15|0x00000000c2f00000, 0x00000000c2f00000, 0x00000000c3000000|  0%| F|  |TS  0|AC  0|TAMS 0x00000000c2f00000, 0x00000000c2f00000|
|  16|0x00000000c3000000, 0x00000000c3000000, 0x00000000c3100000|  0%| F|  |TS  0|AC  0|TAMS 0x00000000c3000000, 0x00000000c3000000|
|  17|0x00000000c3100000, 0x00000000c3100000, 0x00000000c3200000|  0%| F|  |TS  0|AC  0|TAMS 0x00000000c3100000, 0x00000000c3100000|
|  18|0x00000000c3200000, 0x00000000c3200000, 0x00000000c3300000|  0%| F|  |TS  0|AC  0|TAMS 0x00000000c3200000, 0x00000000c3200000|
|  19|0x00000000c3300000, 0x00000000c3300000, 0x00000000c3400000|  0%| F|  |TS  0|AC  0|TAMS 0x00000000c3300000, 0x00000000c3300000|
|  20|0x00000000c3400000, 0x00000000c3400000, 0x00000000c3500000|  0%| F|  |TS  0|AC  0|TAMS 0x00000000c3400000, 0x00000000c3400000|
|  21|0x00000000c3500000, 0x00000000c3500000, 0x00000000c3600000|  0%| F|  |TS  0|AC  0|TAMS 0x00000000c3500000, 0x00000000c3500000|
|  22|0x00000000c3600000, 0x00000000c3600000, 0x00000000c3700000|  0%| F|  |TS  0|AC  0|TAMS 0x00000000c3600000, 0x00000000c3600000|
|  23|0x00000000c3700000, 0x00000000c3700000, 0x00000000c3800000|  0%| F|  |TS  0|AC  0|TAMS 0x00000000c3700000, 0x00000000c3700000|
|  24|0x00000000c3800000, 0x00000000c3800000, 0x00000000c3900000|  0%| F|  |TS  0|AC  0|TAMS 0x00000000c3800000, 0x00000000c3800000|
|  25|0x00000000c3900000, 0x00000000c3900000, 0x00000000c3a00000|  0%| F|  |TS  0|AC  0|TAMS 0x00000000c3900000, 0x00000000c3900000|
|  26|0x00000000c3a00000, 0x00000000c3a00000, 0x00000000c3b00000|  0%| F|  |TS  0|AC  0|TAMS 0x00000000c3a00000, 0x00000000c3a00000|
|  27|0x00000000c3b00000, 0x00000000c3b00000, 0x00000000c3c00000|  0%| F|  |TS  0|AC  0|TAMS 0x00000000c3b00000, 0x00000000c3b00000|
|  28|0x00000000c3c00000, 0x00000000c3c00000, 0x00000000c3d00000|  0%| F|  |TS  0|AC  0|TAMS 0x00000000c3c00000, 0x00000000c3c00000|
|  29|0x00000000c3d00000, 0x00000000c3d00000, 0x00000000c3e00000|  0%| F|  |TS  0|AC  0|TAMS 0x00000000c3d00000, 0x00000000c3d00000|
|  30|0x00000000c3e00000, 0x00000000c3e00000, 0x00000000c3f00000|  0%| F|  |TS  0|AC  0|TAMS 0x00000000c3e00000, 0x00000000c3e00000|
|  31|0x00000000c3f00000, 0x00000000c3f00000, 0x00000000c4000000|  0%| F|  |TS  0|AC  0|TAMS 0x00000000c3f00000, 0x00000000c3f00000|
|  32|0x00000000c4000000, 0x00000000c4000000, 0x00000000c4100000|  0%| F|  |TS  0|AC  0|TAMS 0x00000000c4000000, 0x00000000c4000000|
|  33|0x00000000c4100000, 0x00000000c4100000, 0x00000000c4200000|  0%| F|  |TS  0|AC  0|TAMS 0x00000000c4100000, 0x00000000c4100000|
|  34|0x00000000c4200000, 0x00000000c4200000, 0x00000000c4300000|  0%| F|  |TS  0|AC  0|TAMS 0x00000000c4200000, 0x00000000c4200000|
|  35|0x00000000c4300000, 0x00000000c4300000, 0x00000000c4400000|  0%| F|  |TS  0|AC  0|TAMS 0x00000000c4300000, 0x00000000c4300000|
|  36|0x00000000c4400000, 0x00000000c4400000, 0x00000000c4500000|  0%| F|  |TS  0|AC  0|TAMS 0x00000000c4400000, 0x00000000c4400000|
|  37|0x00000000c4500000, 0x00000000c4500000, 0x00000000c4600000|  0%| F|  |TS  0|AC  0|TAMS 0x00000000c4500000, 0x00000000c4500000|
|  38|0x00000000c4600000, 0x00000000c4600000, 0x00000000c4700000|  0%| F|  |TS  0|AC  0|TAMS 0x00000000c4600000, 0x00000000c4600000|
|  39|0x00000000c4700000, 0x00000000c4700000, 0x00000000c4800000|  0%| F|  |TS  0|AC  0|TAMS 0x00000000c4700000, 0x00000000c4700000|
|  40|0x00000000c4800000, 0x00000000c4800000, 0x00000000c4900000|  0%| F|  |TS  0|AC  0|TAMS 0x00000000c4800000, 0x00000000c4800000|
|  41|0x00000000c4900000, 0x00000000c4900000, 0x00000000c4a00000|  0%| F|  |TS  0|AC  0|TAMS 0x00000000c4900000, 0x00000000c4900000|
|  42|0x00000000c4a00000, 0x00000000c4a00000, 0x00000000c4b00000|  0%| F|  |TS  0|AC  0|TAMS 0x00000000c4a00000, 0x00000000c4a00000|
|  43|0x00000000c4b00000, 0x00000000c4b00000, 0x00000000c4c00000|  0%| F|  |TS  0|AC  0|TAMS 0x00000000c4b00000, 0x00000000c4b00000|
|  44|0x00000000c4c00000, 0x00000000c4c00000, 0x00000000c4d00000|  0%| F|  |TS  0|AC  0|TAMS 0x00000000c4c00000, 0x00000000c4c00000|
|  45|0x00000000c4d00000, 0x00000000c4d00000, 0x00000000c4e00000|  0%| F|  |TS  0|AC  0|TAMS 0x00000000c4d00000, 0x00000000c4d00000|
|  46|0x00000000c4e00000, 0x00000000c4e00000, 0x00000000c4f00000|  0%| F|  |TS  0|AC  0|TAMS 0x00000000c4e00000, 0x00000000c4e00000|
|  47|0x00000000c4f00000, 0x00000000c4f00000, 0x00000000c5000000|  0%| F|  |TS  0|AC  0|TAMS 0x00000000c4f00000, 0x00000000c4f00000|
|  48|0x00000000c5000000, 0x00000000c5000000, 0x00000000c5100000|  0%| F|  |TS  0|AC  0|TAMS 0x00000000c5000000, 0x00000000c5000000|
|  49|0x00000000c5100000, 0x00000000c5100000, 0x00000000c5200000|  0%| F|  |TS  0|AC  0|TAMS 0x00000000c5100000, 0x00000000c5100000|
|  50|0x00000000c5200000, 0x00000000c5200000, 0x00000000c5300000|  0%| F|  |TS  0|AC  0|TAMS 0x00000000c5200000, 0x00000000c5200000|
|  51|0x00000000c5300000, 0x00000000c5300000, 0x00000000c5400000|  0%| F|  |TS  0|AC  0|TAMS 0x00000000c5300000, 0x00000000c5300000|
|  52|0x00000000c5400000, 0x00000000c5400000, 0x00000000c5500000|  0%| F|  |TS  0|AC  0|TAMS 0x00000000c5400000, 0x00000000c5400000|
|  53|0x00000000c5500000, 0x00000000c5500000, 0x00000000c5600000|  0%| F|  |TS  0|AC  0|TAMS 0x00000000c5500000, 0x00000000c5500000|
|  54|0x00000000c5600000, 0x00000000c5600000, 0x00000000c5700000|  0%| F|  |TS  0|AC  0|TAMS 0x00000000c5600000, 0x00000000c5600000|
|  55|0x00000000c5700000, 0x00000000c5748328, 0x00000000c5800000| 28%| E|  |TS  0|AC  0|TAMS 0x00000000c5700000, 0x00000000c5700000|
|  56|0x00000000c5800000, 0x00000000c5900000, 0x00000000c5900000|100%| E|CS|TS  0|AC  0|TAMS 0x00000000c5800000, 0x00000000c5800000|
|  57|0x00000000c5900000, 0x00000000c5a00000, 0x00000000c5a00000|100%| E|CS|TS  0|AC  0|TAMS 0x00000000c5900000, 0x00000000c5900000|
|  58|0x00000000c5a00000, 0x00000000c5b00000, 0x00000000c5b00000|100%| E|CS|TS  0|AC  0|TAMS 0x00000000c5a00000, 0x00000000c5a00000|
|  59|0x00000000c5b00000, 0x00000000c5c00000, 0x00000000c5c00000|100%| E|CS|TS  0|AC  0|TAMS 0x00000000c5b00000, 0x00000000c5b00000|
|  60|0x00000000c5c00000, 0x00000000c5d00000, 0x00000000c5d00000|100%| E|CS|TS  0|AC  0|TAMS 0x00000000c5c00000, 0x00000000c5c00000|
|  61|0x00000000c5d00000, 0x00000000c5e00000, 0x00000000c5e00000|100%| E|CS|TS  0|AC  0|TAMS 0x00000000c5d00000, 0x00000000c5d00000|

Card table byte_map: [0x000001d11cfc0000,0x000001d11d1b0000] byte_map_base: 0x000001d11c9b0000

Marking Bits (Prev, Next): (CMBitMap*) 0x000001d102aab5d0, (CMBitMap*) 0x000001d102aab608
 Prev Bits: [0x000001d11d3a0000, 0x000001d11e320000)
 Next Bits: [0x000001d11e320000, 0x000001d11f2a0000)

Polling page: 0x000001d100860000

CodeHeap 'non-profiled nmethods': size=120064Kb used=187Kb max_used=187Kb free=119877Kb
 bounds [0x000001d115890000, 0x000001d115b00000, 0x000001d11cdd0000]
CodeHeap 'profiled nmethods': size=120000Kb used=901Kb max_used=901Kb free=119098Kb
 bounds [0x000001d10e360000, 0x000001d10e5d0000, 0x000001d115890000]
CodeHeap 'non-nmethods': size=5696Kb used=1110Kb max_used=1122Kb free=4585Kb
 bounds [0x000001d10ddd0000, 0x000001d10e040000, 0x000001d10e360000]
 total_blobs=1133 nmethods=594 adapters=336
 compilation: enabled

Compilation events (10 events):
Event: 0.390 Thread 0x000001d1220d8800 nmethod 571 0x000001d10e438910 code [0x000001d10e438b00, 0x000001d10e438e80]
Event: 0.390 Thread 0x000001d1220d8800  577       3       java.lang.reflect.Modifier::isPublic (12 bytes)
Event: 0.391 Thread 0x000001d1220d8800 nmethod 577 0x000001d10e439010 code [0x000001d10e4391c0, 0x000001d10e439358]
Event: 0.391 Thread 0x000001d1220d8800  576       3       java.lang.String::toString (2 bytes)
Event: 0.391 Thread 0x000001d1220d8800 nmethod 576 0x000001d10e439410 code [0x000001d10e4395c0, 0x000001d10e439718]
Event: 0.391 Thread 0x000001d1220d8800  579       3       jdk.internal.org.objectweb.asm.MethodWriter::visitLabel (321 bytes)
Event: 0.391 Thread 0x000001d1220d8800 nmethod 579 0x000001d10e439790 code [0x000001d10e439a00, 0x000001d10e43a6d0]
Event: 0.391 Thread 0x000001d1220d8800  580       3       jdk.internal.org.objectweb.asm.MethodWriter::noSuccessor (95 bytes)
Event: 0.392 Thread 0x000001d1220d8800 nmethod 580 0x000001d10e43a990 code [0x000001d10e43aba0, 0x000001d10e43b230]
Event: 0.392 Thread 0x000001d121f84800  581       4       jdk.internal.org.objectweb.asm.ClassWriter::newUTF8 (70 bytes)

GC Heap History (0 events):
No events

Deoptimization events (1 events):
Event: 0.133 Thread 0x000001d102a52000 Uncommon trap: reason=unstable_if action=reinterpret pc=0x000001d115893c70 method=java.lang.String.hashCode()I @ 14 c2

Classes redefined (0 events):
No events

Internal exceptions (10 events):
Event: 0.269 Thread 0x000001d102a52000 Exception <a 'java/lang/NoSuchMethodError'{0x00000000c5bf4490}: method resolution failed> (0x00000000c5bf4490) thrown at [t:/workspace/open/src/hotspot/share/prims/methodHandles.cpp, line 1226]
Event: 0.271 Thread 0x000001d102a52000 Exception <a 'java/lang/NoSuchMethodError'{0x00000000c5a0c720}: method resolution failed> (0x00000000c5a0c720) thrown at [t:/workspace/open/src/hotspot/share/prims/methodHandles.cpp, line 1226]
Event: 0.275 Thread 0x000001d102a52000 Exception <a 'java/lang/NoSuchMethodError'{0x00000000c5a25e70}: method resolution failed> (0x00000000c5a25e70) thrown at [t:/workspace/open/src/hotspot/share/prims/methodHandles.cpp, line 1226]
Event: 0.276 Thread 0x000001d102a52000 Exception <a 'java/io/FileNotFoundException'{0x00000000c5a2f770}> (0x00000000c5a2f770) thrown at [t:/workspace/open/src/hotspot/share/prims/jni.cpp, line 611]
Event: 0.331 Thread 0x000001d1226a8800 Exception <a 'java/lang/NoSuchMethodError'{0x00000000c5adcd28}: java.lang.invoke.DirectMethodHandle$Holder.invokeSpecial(Ljava/lang/Object;Ljava/lang/Object;)V> (0x00000000c5adcd28) thrown at [t:/workspace/open/src/hotspot/share/interpreter/linkResolver.c
Event: 0.336 Thread 0x000001d102a52000 Exception <a 'java/lang/NoSuchMethodError'{0x00000000c591c7c8}: java.lang.invoke.DirectMethodHandle$Holder.invokeStatic(Ljava/lang/Object;Ljava/lang/Object;Ljava/lang/Object;Ljava/lang/Object;Ljava/lang/Object;Ljava/lang/Object;Ljava/lang/Object;Ljava/lan
Event: 0.338 Thread 0x000001d102a52000 Exception <a 'java/lang/NoSuchMethodError'{0x00000000c5938050}: java.lang.invoke.DirectMethodHandle$Holder.invokeStatic(Ljava/lang/Object;Ljava/lang/Object;Ljava/lang/Object;Ljava/lang/Object;Ljava/lang/Object;Ljava/lang/Object;Ljava/lang/Object;Ljava/lan
Event: 0.386 Thread 0x000001d102a52000 Exception <a 'java/lang/NoSuchMethodError'{0x00000000c5872400}: method resolution failed> (0x00000000c5872400) thrown at [t:/workspace/open/src/hotspot/share/prims/methodHandles.cpp, line 1226]
Event: 0.387 Thread 0x000001d102a52000 Exception <a 'java/lang/NoSuchMethodError'{0x00000000c58797f0}: java.lang.invoke.DirectMethodHandle$Holder.invokeStatic(Ljava/lang/Object;ILjava/lang/Object;Ljava/lang/Object;Ljava/lang/Object;)Ljava/lang/Object;> (0x00000000c58797f0) thrown at [t:/worksp
Event: 0.387 Thread 0x000001d102a52000 Exception <a 'java/lang/NoSuchMethodError'{0x00000000c587d3e0}: method resolution failed> (0x00000000c587d3e0) thrown at [t:/workspace/open/src/hotspot/share/prims/methodHandles.cpp, line 1226]

Events (10 events):
Event: 0.385 loading class javax/swing/border/AbstractBorder
Event: 0.385 loading class javax/swing/border/AbstractBorder done
Event: 0.385 loading class javax/swing/border/EmptyBorder done
Event: 0.385 loading class javax/swing/plaf/BorderUIResource$EmptyBorderUIResource done
Event: 0.388 loading class javax/swing/plaf/basic/BasicLookAndFeel$2
Event: 0.388 loading class javax/swing/plaf/basic/BasicLookAndFeel$2 done
Event: 0.390 loading class javax/swing/plaf/DimensionUIResource
Event: 0.390 loading class javax/swing/plaf/DimensionUIResource done
Event: 0.392 loading class javax/swing/UIDefaults$LazyInputMap
Event: 0.392 loading class javax/swing/UIDefaults$LazyInputMap done


Dynamic libraries:
0x00007ff6e2680000 - 0x00007ff6e26be000 	C:\Program Files\Java\jdk-10.0.2\bin\javaw.exe
0x00007ffc9eeb0000 - 0x00007ffc9f091000 	C:\WINDOWS\SYSTEM32\ntdll.dll
0x00007ffc93800000 - 0x00007ffc93812000 	C:\Program Files\AVAST Software\Avast\aswhook.dll
0x00007ffc9d130000 - 0x00007ffc9d1e1000 	C:\WINDOWS\System32\KERNEL32.DLL
0x00007ffc9bea0000 - 0x00007ffc9c113000 	C:\WINDOWS\System32\KERNELBASE.dll
0x00007ffc98a90000 - 0x00007ffc98b1b000 	C:\WINDOWS\SYSTEM32\apphelp.dll
0x00007ffc9d070000 - 0x00007ffc9d111000 	C:\WINDOWS\System32\ADVAPI32.dll
0x00007ffc9d1f0000 - 0x00007ffc9d28e000 	C:\WINDOWS\System32\msvcrt.dll
0x00007ffc9c6b0000 - 0x00007ffc9c70b000 	C:\WINDOWS\System32\sechost.dll
0x00007ffc9c490000 - 0x00007ffc9c5b4000 	C:\WINDOWS\System32\RPCRT4.dll
0x00007ffc9cab0000 - 0x00007ffc9cc40000 	C:\WINDOWS\System32\USER32.dll
0x00007ffc9b2d0000 - 0x00007ffc9b2f0000 	C:\WINDOWS\System32\win32u.dll
0x00007ffc9cec0000 - 0x00007ffc9cee8000 	C:\WINDOWS\System32\GDI32.dll
0x00007ffc9c120000 - 0x00007ffc9c2b2000 	C:\WINDOWS\System32\gdi32full.dll
0x00007ffc9b2f0000 - 0x00007ffc9b38f000 	C:\WINDOWS\System32\msvcp_win.dll
0x00007ffc9b390000 - 0x00007ffc9b488000 	C:\WINDOWS\System32\ucrtbase.dll
0x00007ffc8e990000 - 0x00007ffc8ebf9000 	C:\WINDOWS\WinSxS\amd64_microsoft.windows.common-controls_6595b64144ccf1df_6.0.17134.706_none_fb43a2cb30647007\COMCTL32.dll
0x00007ffc9c710000 - 0x00007ffc9ca32000 	C:\WINDOWS\System32\combase.dll
0x00007ffc9c2c0000 - 0x00007ffc9c33a000 	C:\WINDOWS\System32\bcryptPrimitives.dll
0x00007ffc8f940000 - 0x00007ffc8f94a000 	C:\WINDOWS\SYSTEM32\VERSION.dll
0x00007ffc9d530000 - 0x00007ffc9d55d000 	C:\WINDOWS\System32\IMM32.DLL
0x00007ffc587c0000 - 0x00007ffc588af000 	C:\Program Files\Java\jdk-10.0.2\bin\msvcr120.dll
0x00007ffc58710000 - 0x00007ffc587b6000 	C:\Program Files\Java\jdk-10.0.2\bin\msvcp120.dll
0x0000000062c00000 - 0x0000000063670000 	C:\Program Files\Java\jdk-10.0.2\bin\server\jvm.dll
0x00007ffc9d120000 - 0x00007ffc9d128000 	C:\WINDOWS\System32\PSAPI.DLL
0x00007ffc8cf70000 - 0x00007ffc8cf79000 	C:\WINDOWS\SYSTEM32\WSOCK32.dll
0x00007ffc9cc40000 - 0x00007ffc9ccac000 	C:\WINDOWS\System32\WS2_32.dll
0x00007ffc96680000 - 0x00007ffc966a3000 	C:\WINDOWS\SYSTEM32\WINMM.dll
0x00007ffc96650000 - 0x00007ffc9667a000 	C:\WINDOWS\SYSTEM32\WINMMBASE.dll
0x00007ffc9b280000 - 0x00007ffc9b2c9000 	C:\WINDOWS\System32\cfgmgr32.dll
0x00007ffc97640000 - 0x00007ffc9764f000 	C:\Program Files\Java\jdk-10.0.2\bin\verify.dll
0x00007ffc8bcf0000 - 0x00007ffc8beb9000 	C:\WINDOWS\SYSTEM32\DBGHELP.DLL
0x00007ffc8bcc0000 - 0x00007ffc8bce9000 	C:\WINDOWS\SYSTEM32\dbgcore.DLL
0x00007ffc891f0000 - 0x00007ffc89217000 	C:\Program Files\Java\jdk-10.0.2\bin\java.dll
0x00007ffc907c0000 - 0x00007ffc907d6000 	C:\Program Files\Java\jdk-10.0.2\bin\zip.dll
0x00007ffc97540000 - 0x00007ffc9754a000 	C:\Program Files\Java\jdk-10.0.2\bin\jimage.dll
0x00007ffc9d560000 - 0x00007ffc9e9a0000 	C:\WINDOWS\System32\SHELL32.dll
0x00007ffc9ce10000 - 0x00007ffc9ceb9000 	C:\WINDOWS\System32\shcore.dll
0x00007ffc9b680000 - 0x00007ffc9bd8d000 	C:\WINDOWS\System32\windows.storage.dll
0x00007ffc9c430000 - 0x00007ffc9c481000 	C:\WINDOWS\System32\shlwapi.dll
0x00007ffc9b240000 - 0x00007ffc9b251000 	C:\WINDOWS\System32\kernel.appcore.dll
0x00007ffc9b260000 - 0x00007ffc9b27f000 	C:\WINDOWS\System32\profapi.dll
0x00007ffc9b1d0000 - 0x00007ffc9b21c000 	C:\WINDOWS\System32\powrprof.dll
0x00007ffc9b1c0000 - 0x00007ffc9b1ca000 	C:\WINDOWS\System32\FLTLIB.DLL
0x00007ffc58570000 - 0x00007ffc5870b000 	C:\Program Files\Java\jdk-10.0.2\bin\awt.dll
0x00007ffc9c5c0000 - 0x00007ffc9c682000 	C:\WINDOWS\System32\OLEAUT32.dll
0x00007ffc97ec0000 - 0x00007ffc98487000 	C:\WINDOWS\SYSTEM32\d2d1.dll
0x00007ffc98ea0000 - 0x00007ffc98ec9000 	C:\WINDOWS\system32\DWMAPI.DLL
0x00007ffc98bc0000 - 0x00007ffc98c58000 	C:\WINDOWS\system32\uxtheme.dll
0x00007ffc66a30000 - 0x00007ffc66b50000 	C:\WINDOWS\system32\opengl32.dll
0x00007ffc669a0000 - 0x00007ffc669cc000 	C:\WINDOWS\SYSTEM32\GLU32.dll
0x00007ffc9cef0000 - 0x00007ffc9d063000 	C:\WINDOWS\System32\MSCTF.dll
0x00007ffc9ccb0000 - 0x00007ffc9ce01000 	C:\WINDOWS\System32\ole32.dll

dbghelp: loaded successfully - version: 4.0.5 - missing functions: none
symbol engine: initialized successfully - sym options: 0x614 - pdb path: .;C:\Program Files\Java\jdk-10.0.2\bin;C:\WINDOWS\SYSTEM32;C:\Program Files\AVAST Software\Avast;C:\WINDOWS\WinSxS\amd64_microsoft.windows.common-controls_6595b64144ccf1df_6.0.17134.706_none_fb43a2cb30647007;C:\Program Files\Java\jdk-10.0.2\bin\server

VM Arguments:
jvm_args: -Dfile.encoding=UTF-8 
java_command: QuanLyLInhKien.MAin
java_class_path (initial): T:\java\QuanLyLinhKien\bin
Launcher Type: SUN_STANDARD

Logging:
Log output configuration:
#0: stdout all=warning uptime,level,tags
#1: stderr all=off uptime,level,tags

Environment Variables:
PATH=C:/Program Files/Java/jre1.8.0_101/bin/server;C:/Program Files/Java/jre1.8.0_101/bin;C:/Program Files/Java/jre1.8.0_101/lib/amd64;C:\ProgramData\Oracle\Java\javapath;C:\Program Files (x86)\Intel\iCLS Client\;C:\Program Files\Intel\iCLS Client\;C:\Windows\system32;C:\Windows;C:\Windows\System32\Wbem;C:\Windows\System32\WindowsPowerShell\v1.0\;C:\Program Files (x86)\Intel\Intel(R) Management Engine Components\DAL;C:\Program Files\Intel\Intel(R) Management Engine Components\DAL;C:\Program Files (x86)\Intel\Intel(R) Management Engine Components\IPT;C:\Program Files\Intel\Intel(R) Management Engine Components\IPT;C:\Program Files (x86)\NVIDIA Corporation\PhysX\Common;C:\WINDOWS\system32;C:\WINDOWS;C:\WINDOWS\System32\Wbem;%%JAVA_HOME%\bin;SYSTEMROOT%\System32\WindowsPowerShell\v1.0\;C:\WINDOWS\System32\OpenSSH\;C:\Program Files\Microsoft SQL Server\110\Tools\Binn\;C:\Program Files (x86)\Microsoft SQL Server\110\Tools\Binn\;C:\Program Files\Microsoft SQL Server\110\DTS\Binn\;C:\Program Files (x86)\Microsoft SQL Server\110\Tools\Binn\ManagementStudio\;C:\Program Files (x86)\Microsoft Visual Studio 10.0\Common7\IDE\PrivateAssemblies\;C:\Program Files (x86)\Microsoft SQL Server\110\DTS\Binn\;C:\Program Files\Java\jdk-10.0.2\bin;T:\Phan Mem\eclipse-committers-2019-03-R-win32-x86_64\eclipse;
USERNAME=LENOVO
OS=Windows_NT
PROCESSOR_IDENTIFIER=Intel64 Family 6 Model 142 Stepping 9, GenuineIntel



---------------  S Y S T E M  ---------------

OS: Windows 10 , 64 bit Build 17134 (10.0.17134.706)

CPU:total 4 (initial active 4) (2 cores per cpu, 2 threads per core) family 6 model 142 stepping 9, cmov, cx8, fxsr, mmx, sse, sse2, sse3, ssse3, sse4.1, sse4.2, popcnt, avx, avx2, aes, clmul, erms, 3dnowpref, lzcnt, ht, tsc, tscinvbit, bmi1, bmi2, adx, fma

Memory: 4k page, physical 4060548k(298692k free), swap 16643460k(3080k free)

vm_info: Java HotSpot(TM) 64-Bit Server VM (10.0.2+13) for windows-amd64 JRE (10.0.2+13), built on Jun 28 2018 01:57:56 by "mach5one" with MS VC++ 12.0 (VS2013)

END.
